<?xml version="1.0" encoding="UTF-8"?>
<testsuite name="SchemaConverterTest" tests="2" skipped="0" failures="0" errors="0" timestamp="2021-01-20T00:28:26" hostname="MacBook-Pro.local" time="0.52">
  <properties/>
  <testcase name="generateJsonTest()" classname="SchemaConverterTest" time="0.393"/>
  <testcase name="generateYamlTest()" classname="SchemaConverterTest" time="0.126"/>
  <system-out><![CDATA[]]></system-out>
  <system-err><![CDATA[]]></system-err>
</testsuite>
